{"D:\\Koa\\app.js": {"path":"D:\\Koa\\app.js","statementMap":{"0":{"start":{"line":6,"column":12},"end":{"line":6,"column":21}},"1":{"start":{"line":8,"column":0},"end":{"line":8,"column":16}},"2":{"start":{"line":9,"column":13},"end":{"line":9,"column":29}},"3":{"start":{"line":13,"column":0},"end":{"line":13,"column":24}},"4":{"start":{"line":15,"column":0},"end":{"line":17,"column":3}},"5":{"start":{"line":16,"column":2},"end":{"line":16,"column":45}}},"fnMap":{"0":{"name":"(anonymous_0)","decl":{"start":{"line":15,"column":17},"end":{"line":15,"column":18}},"loc":{"start":{"line":15,"column":23},"end":{"line":17,"column":1}},"line":15}},"branchMap":{},"s":{"0":1,"1":1,"2":1,"3":1,"4":1,"5":1},"f":{"0":1},"b":{},"_coverageSchema":"1a1c01bbd47fc00a2c39e90264f33305004495a9","hash":"51fe1f423a406993e29df1b287bfa6b7ab78809d"}
,"D:\\Koa\\controllers\\defaultController.js": {"path":"D:\\Koa\\controllers\\defaultController.js","statementMap":{"0":{"start":{"line":1,"column":21},"end":{"line":7,"column":1}},"1":{"start":{"line":2,"column":4},"end":{"line":4,"column":7}},"2":{"start":{"line":5,"column":6},"end":{"line":5,"column":22}}},"fnMap":{"0":{"name":"(anonymous_0)","decl":{"start":{"line":1,"column":21},"end":{"line":1,"column":22}},"loc":{"start":{"line":1,"column":28},"end":{"line":7,"column":1}},"line":1}},"branchMap":{},"s":{"0":1,"1":1,"2":1},"f":{"0":1},"b":{},"_coverageSchema":"1a1c01bbd47fc00a2c39e90264f33305004495a9","hash":"493a3f6872a782ce1dae54305064316d6918e210"}
,"D:\\Koa\\controllers\\homeController.js": {"path":"D:\\Koa\\controllers\\homeController.js","statementMap":{"0":{"start":{"line":1,"column":13},"end":{"line":3,"column":1}},"1":{"start":{"line":2,"column":4},"end":{"line":2,"column":42}}},"fnMap":{"0":{"name":"(anonymous_0)","decl":{"start":{"line":1,"column":13},"end":{"line":1,"column":14}},"loc":{"start":{"line":1,"column":20},"end":{"line":3,"column":1}},"line":1}},"branchMap":{},"s":{"0":1,"1":1},"f":{"0":1},"b":{},"_coverageSchema":"1a1c01bbd47fc00a2c39e90264f33305004495a9","hash":"9e21f60c2528c7c7a21e2104668f1e92bdb073bd"}
,"D:\\Koa\\controllers\\twitterController.js": {"path":"D:\\Koa\\controllers\\twitterController.js","statementMap":{"0":{"start":{"line":3,"column":0},"end":{"line":3,"column":16}},"1":{"start":{"line":5,"column":15},"end":{"line":5,"column":33}},"2":{"start":{"line":7,"column":13},"end":{"line":7,"column":47}},"3":{"start":{"line":9,"column":29},"end":{"line":69,"column":1}},"4":{"start":{"line":10,"column":15},"end":{"line":10,"column":50}},"5":{"start":{"line":11,"column":2},"end":{"line":11,"column":22}},"6":{"start":{"line":12,"column":21},"end":{"line":12,"column":30}},"7":{"start":{"line":13,"column":2},"end":{"line":13,"column":26}},"8":{"start":{"line":15,"column":2},"end":{"line":68,"column":3}},"9":{"start":{"line":16,"column":16},"end":{"line":19,"column":5}},"10":{"start":{"line":20,"column":4},"end":{"line":20,"column":19}},"11":{"start":{"line":21,"column":9},"end":{"line":68,"column":3}},"12":{"start":{"line":22,"column":20},"end":{"line":22,"column":34}},"13":{"start":{"line":23,"column":19},"end":{"line":27,"column":5}},"14":{"start":{"line":29,"column":16},"end":{"line":32,"column":5}},"15":{"start":{"line":34,"column":17},"end":{"line":34,"column":25}},"16":{"start":{"line":35,"column":4},"end":{"line":35,"column":22}},"17":{"start":{"line":37,"column":4},"end":{"line":67,"column":5}},"18":{"start":{"line":38,"column":6},"end":{"line":40,"column":8}},"19":{"start":{"line":42,"column":23},"end":{"line":42,"column":25}},"20":{"start":{"line":43,"column":6},"end":{"line":64,"column":7}},"21":{"start":{"line":43,"column":18},"end":{"line":43,"column":19}},"22":{"start":{"line":44,"column":25},"end":{"line":44,"column":56}},"23":{"start":{"line":45,"column":6},"end":{"line":45,"column":28}},"24":{"start":{"line":46,"column":50},"end":{"line":46,"column":62}},"25":{"start":{"line":47,"column":22},"end":{"line":47,"column":49}},"26":{"start":{"line":49,"column":22},"end":{"line":49,"column":24}},"27":{"start":{"line":50,"column":16},"end":{"line":50,"column":18}},"28":{"start":{"line":51,"column":6},"end":{"line":61,"column":7}},"29":{"start":{"line":52,"column":8},"end":{"line":52,"column":59}},"30":{"start":{"line":53,"column":8},"end":{"line":53,"column":31}},"31":{"start":{"line":54,"column":8},"end":{"line":60,"column":11}},"32":{"start":{"line":55,"column":10},"end":{"line":59,"column":11}},"33":{"start":{"line":56,"column":12},"end":{"line":56,"column":37}},"34":{"start":{"line":57,"column":17},"end":{"line":59,"column":11}},"35":{"start":{"line":58,"column":12},"end":{"line":58,"column":51}},"36":{"start":{"line":62,"column":6},"end":{"line":62,"column":53}},"37":{"start":{"line":63,"column":8},"end":{"line":63,"column":32}},"38":{"start":{"line":65,"column":6},"end":{"line":65,"column":47}}},"fnMap":{"0":{"name":"(anonymous_0)","decl":{"start":{"line":9,"column":29},"end":{"line":9,"column":30}},"loc":{"start":{"line":9,"column":44},"end":{"line":69,"column":1}},"line":9},"1":{"name":"(anonymous_1)","decl":{"start":{"line":54,"column":36},"end":{"line":54,"column":37}},"loc":{"start":{"line":54,"column":45},"end":{"line":60,"column":9}},"line":54}},"branchMap":{"0":{"loc":{"start":{"line":15,"column":2},"end":{"line":68,"column":3}},"type":"if","locations":[{"start":{"line":15,"column":2},"end":{"line":68,"column":3}},{"start":{"line":21,"column":9},"end":{"line":68,"column":3}}],"line":15},"1":{"loc":{"start":{"line":21,"column":9},"end":{"line":68,"column":3}},"type":"if","locations":[{"start":{"line":21,"column":9},"end":{"line":68,"column":3}},{"start":{},"end":{}}],"line":21},"2":{"loc":{"start":{"line":37,"column":4},"end":{"line":67,"column":5}},"type":"if","locations":[{"start":{"line":37,"column":4},"end":{"line":67,"column":5}},{"start":{"line":41,"column":11},"end":{"line":67,"column":5}}],"line":37},"3":{"loc":{"start":{"line":51,"column":6},"end":{"line":61,"column":7}},"type":"if","locations":[{"start":{"line":51,"column":6},"end":{"line":61,"column":7}},{"start":{},"end":{}}],"line":51},"4":{"loc":{"start":{"line":55,"column":10},"end":{"line":59,"column":11}},"type":"if","locations":[{"start":{"line":55,"column":10},"end":{"line":59,"column":11}},{"start":{"line":57,"column":17},"end":{"line":59,"column":11}}],"line":55},"5":{"loc":{"start":{"line":55,"column":14},"end":{"line":55,"column":52}},"type":"binary-expr","locations":[{"start":{"line":55,"column":14},"end":{"line":55,"column":21}},{"start":{"line":55,"column":25},"end":{"line":55,"column":52}}],"line":55},"6":{"loc":{"start":{"line":57,"column":17},"end":{"line":59,"column":11}},"type":"if","locations":[{"start":{"line":57,"column":17},"end":{"line":59,"column":11}},{"start":{},"end":{}}],"line":57},"7":{"loc":{"start":{"line":57,"column":21},"end":{"line":57,"column":73}},"type":"binary-expr","locations":[{"start":{"line":57,"column":21},"end":{"line":57,"column":42}},{"start":{"line":57,"column":46},"end":{"line":57,"column":73}}],"line":57},"8":{"loc":{"start":{"line":62,"column":6},"end":{"line":62,"column":52}},"type":"cond-expr","locations":[{"start":{"line":62,"column":24},"end":{"line":62,"column":44}},{"start":{"line":62,"column":48},"end":{"line":62,"column":52}}],"line":62}},"s":{"0":2,"1":2,"2":2,"3":2,"4":2,"5":2,"6":2,"7":2,"8":2,"9":1,"10":1,"11":1,"12":1,"13":1,"14":1,"15":1,"16":1,"17":1,"18":0,"19":1,"20":1,"21":1,"22":5,"23":5,"24":5,"25":5,"26":5,"27":5,"28":5,"29":2,"30":2,"31":2,"32":10,"33":1,"34":9,"35":1,"36":5,"37":5,"38":1},"f":{"0":2,"1":10},"b":{"0":[1,1],"1":[1,0],"2":[0,1],"3":[2,3],"4":[1,9],"5":[10,8],"6":[1,8],"7":[9,2],"8":[2,3]},"_coverageSchema":"1a1c01bbd47fc00a2c39e90264f33305004495a9","hash":"58b99465c2876334cbcfefdbd9fe455efce3cc0b"}
,"D:\\Koa\\routes\\twitterRoute.js": {"path":"D:\\Koa\\routes\\twitterRoute.js","statementMap":{"0":{"start":{"line":7,"column":15},"end":{"line":7,"column":27}},"1":{"start":{"line":9,"column":0},"end":{"line":9,"column":24}},"2":{"start":{"line":10,"column":0},"end":{"line":10,"column":41}},"3":{"start":{"line":11,"column":0},"end":{"line":11,"column":29}}},"fnMap":{},"branchMap":{},"s":{"0":1,"1":1,"2":1,"3":1},"f":{},"b":{},"_coverageSchema":"1a1c01bbd47fc00a2c39e90264f33305004495a9","hash":"8f75c6e0e9d8353751aa24863c2e10e4d54151cd"}
}
