TN:
SF:app.js
FN:15,(anonymous_0)
FNF:1
FNH:1
FNDA:1,(anonymous_0)
DA:6,1
DA:8,1
DA:9,1
DA:13,1
DA:15,1
DA:16,1
LF:6
LH:6
BRF:0
BRH:0
end_of_record
TN:
SF:controllers\defaultController.js
FN:1,(anonymous_0)
FNF:1
FNH:1
FNDA:1,(anonymous_0)
DA:1,1
DA:2,1
DA:5,1
LF:3
LH:3
BRF:0
BRH:0
end_of_record
TN:
SF:controllers\homeController.js
FN:1,(anonymous_0)
FNF:1
FNH:1
FNDA:1,(anonymous_0)
DA:1,1
DA:2,1
LF:2
LH:2
BRF:0
BRH:0
end_of_record
TN:
SF:controllers\twitterController.js
FN:9,(anonymous_0)
FN:54,(anonymous_1)
FNF:2
FNH:2
FNDA:2,(anonymous_0)
FNDA:10,(anonymous_1)
DA:3,2
DA:5,2
DA:7,2
DA:9,2
DA:10,2
DA:11,2
DA:12,2
DA:13,2
DA:15,2
DA:16,1
DA:20,1
DA:21,1
DA:22,1
DA:23,1
DA:29,1
DA:34,1
DA:35,1
DA:37,1
DA:38,0
DA:42,1
DA:43,1
DA:44,5
DA:45,5
DA:46,5
DA:47,5
DA:49,5
DA:50,5
DA:51,5
DA:52,2
DA:53,2
DA:54,2
DA:55,10
DA:56,1
DA:57,9
DA:58,1
DA:62,5
DA:63,5
DA:65,1
LF:38
LH:37
BRDA:15,0,0,1
BRDA:15,0,1,1
BRDA:21,1,0,1
BRDA:21,1,1,0
BRDA:37,2,0,0
BRDA:37,2,1,1
BRDA:51,3,0,2
BRDA:51,3,1,3
BRDA:55,4,0,1
BRDA:55,4,1,9
BRDA:55,5,0,10
BRDA:55,5,1,8
BRDA:57,6,0,1
BRDA:57,6,1,8
BRDA:57,7,0,9
BRDA:57,7,1,2
BRDA:62,8,0,2
BRDA:62,8,1,3
BRF:18
BRH:16
end_of_record
TN:
SF:routes\twitterRoute.js
FNF:0
FNH:0
DA:7,1
DA:9,1
DA:10,1
DA:11,1
LF:4
LH:4
BRF:0
BRH:0
end_of_record
